

Processing ApplicationController#index (for 127.0.0.1 at 2010-07-25 00:43:43) [GET]

ActionController::RoutingError (No route matches "/users" with {:method=>:get}):
  <internal:prelude>:8:in `synchronize'
  c:/Ruby191/lib/ruby/1.9.1/webrick/httpserver.rb:111:in `service'
  c:/Ruby191/lib/ruby/1.9.1/webrick/httpserver.rb:70:in `run'
  c:/Ruby191/lib/ruby/1.9.1/webrick/server.rb:183:in `block in start_thread'

Rendering rescues/layout (not_found)


Processing Rails::InfoController#properties (for 127.0.0.1 at 2010-07-25 00:44:00) [GET]
  [4;36;1mSQL (1.0ms)[0m   [0;1m SELECT name
 FROM sqlite_master
 WHERE type = 'table' AND NOT name = 'sqlite_sequence'
[0m
Completed in 589ms (View: 36, DB: 1) | 200 OK [http://localhost/rails/info/properties]


Processing PagesController#home (for 127.0.0.1 at 2010-07-25 01:13:50) [GET]
Rendering pages/home
Completed in 27ms (View: 26, DB: 0) | 200 OK [http://localhost/pages/home]


Processing PagesController#home (for 127.0.0.1 at 2010-07-25 15:00:55) [GET]
Rendering pages/home
Completed in 48ms (View: 47, DB: 0) | 200 OK [http://localhost/pages/home]


Processing PagesController#home (for 127.0.0.1 at 2010-07-25 15:03:11) [GET]
Rendering pages/home
Completed in 4ms (View: 1, DB: 0) | 200 OK [http://localhost/pages/home]
  [4;36;1mSQL (1.0ms)[0m   [0;1m SELECT name
 FROM sqlite_master
 WHERE type = 'table' AND NOT name = 'sqlite_sequence'
[0m
  [4;35;1mSQL (0.0ms)[0m   [0mselect sqlite_version(*)[0m
  [4;36;1mSQL (319.3ms)[0m   [0;1mCREATE TABLE "schema_migrations" ("version" varchar(255) NOT NULL) [0m
  [4;35;1mSQL (0.0ms)[0m   [0mPRAGMA index_list("schema_migrations")[0m
  [4;36;1mSQL (367.2ms)[0m   [0;1mCREATE UNIQUE INDEX "unique_schema_migrations" ON "schema_migrations" ("version")[0m
  [4;35;1mSQL (1.0ms)[0m   [0m SELECT name
 FROM sqlite_master
 WHERE type = 'table' AND NOT name = 'sqlite_sequence'
[0m
  [4;36;1mSQL (1.0ms)[0m   [0;1m SELECT name
 FROM sqlite_master
 WHERE type = 'table' AND NOT name = 'sqlite_sequence'
[0m
  [4;35;1mSQL (1.0ms)[0m   [0mSELECT version FROM schema_migrations[0m
  [4;36;1mSQL (0.0ms)[0m   [0;1m SELECT name
 FROM sqlite_master
 WHERE type = 'table' AND NOT name = 'sqlite_sequence'
[0m


Processing PagesController#home (for 127.0.0.1 at 2010-07-26 00:08:45) [GET]
Rendering pages/home
Completed in 29ms (View: 27, DB: 0) | 200 OK [http://localhost/pages/home]


Processing PagesController#about (for 127.0.0.1 at 2010-07-26 00:08:54) [GET]
Rendering pages/about
Completed in 112ms (View: 68, DB: 0) | 200 OK [http://localhost/pages/about]


Processing PagesController#index (for 127.0.0.1 at 2010-07-26 00:08:58) [GET]

ActionController::UnknownAction (No action responded to index. Actions: about, contact, and home):
  <internal:prelude>:8:in `synchronize'
  c:/Ruby191/lib/ruby/1.9.1/webrick/httpserver.rb:111:in `service'
  c:/Ruby191/lib/ruby/1.9.1/webrick/httpserver.rb:70:in `run'
  c:/Ruby191/lib/ruby/1.9.1/webrick/server.rb:183:in `block in start_thread'

Rendering rescues/layout (not_found)


Processing Rails::InfoController#properties (for 127.0.0.1 at 2010-07-26 00:09:16) [GET]
  [4;36;1mSQL (1.0ms)[0m   [0;1m SELECT name
 FROM sqlite_master
 WHERE type = 'table' AND NOT name = 'sqlite_sequence'
[0m
  [4;35;1mSQL (0.0ms)[0m   [0mSELECT version FROM schema_migrations[0m
Completed in 295ms (View: 48, DB: 1) | 200 OK [http://localhost/rails/info/properties]


Processing PagesController#home (for 127.0.0.1 at 2010-07-26 00:14:56) [GET]
Rendering pages/home
Completed in 33ms (View: 31, DB: 0) | 200 OK [http://localhost/pages/home]


Processing PagesController#home (for 127.0.0.1 at 2010-07-26 00:18:07) [GET]
Rendering template within layouts/application
Rendering pages/home
Completed in 22ms (View: 20, DB: 0) | 200 OK [http://localhost/pages/home]


Processing PagesController#home (for 127.0.0.1 at 2010-07-26 00:21:33) [GET]
Rendering template within layouts/application
Rendering pages/home
Completed in 36ms (View: 34, DB: 0) | 200 OK [http://localhost/pages/home]
